  main.cpp
f:\visual studio\programs\gameofimitation\gameofimitation\mapping.h(61): warning C4244: аргумент: преобразование "double" в "T", возможна потеря данных
          with
          [
              T=float
          ]
f:\visual studio\programs\gameofimitation\gameofimitation\mapping.h(65): warning C4244: аргумент: преобразование "double" в "T", возможна потеря данных
          with
          [
              T=float
          ]
f:\visual studio\programs\gameofimitation\gameofimitation\mapping.h(88): warning C4244: аргумент: преобразование "double" в "float", возможна потеря данных
f:\visual studio\programs\gameofimitation\gameofimitation\mapping.h(93): warning C4244: аргумент: преобразование "double" в "T", возможна потеря данных
          with
          [
              T=float
          ]
f:\visual studio\programs\gameofimitation\gameofimitation\mapping.h(96): warning C4244: =: преобразование "double" в "T", возможна потеря данных
          with
          [
              T=float
          ]
f:\visual studio\programs\gameofimitation\gameofimitation\mapping.h(97): warning C4244: =: преобразование "double" в "T", возможна потеря данных
          with
          [
              T=float
          ]
f:\visual studio\programs\gameofimitation\gameofimitation\mapping.h(106): warning C4244: аргумент: преобразование "double" в "T", возможна потеря данных
          with
          [
              T=float
          ]
f:\visual studio\programs\gameofimitation\gameofimitation\mapping.h(107): warning C4244: аргумент: преобразование "double" в "T", возможна потеря данных
          with
          [
              T=float
          ]
f:\visual studio\programs\gameofimitation\gameofimitation\mapping.h(109): warning C4244: аргумент: преобразование "double" в "T", возможна потеря данных
          with
          [
              T=float
          ]
f:\visual studio\programs\gameofimitation\gameofimitation\mapping.h(114): warning C4244: аргумент: преобразование "double" в "T", возможна потеря данных
          with
          [
              T=float
          ]
f:\visual studio\programs\gameofimitation\gameofimitation\mapping.h(116): warning C4244: аргумент: преобразование "double" в "T", возможна потеря данных
          with
          [
              T=float
          ]
f:\visual studio\programs\gameofimitation\gameofimitation\mapping.h(126): warning C4244: аргумент: преобразование "double" в "T", возможна потеря данных
          with
          [
              T=float
          ]
f:\visual studio\programs\gameofimitation\gameofimitation\mapping.h(138): warning C4244: =: преобразование "double" в "float", возможна потеря данных
f:\visual studio\programs\gameofimitation\gameofimitation\mapping.h(153): warning C4244: аргумент: преобразование "double" в "T", возможна потеря данных
          with
          [
              T=float
          ]
f:\visual studio\programs\gameofimitation\gameofimitation\mapping.h(166): warning C4244: аргумент: преобразование "double" в "T", возможна потеря данных
          with
          [
              T=float
          ]
f:\visual studio\programs\gameofimitation\gameofimitation\mapping.h(181): warning C4244: аргумент: преобразование "double" в "T", возможна потеря данных
          with
          [
              T=float
          ]
f:\visual studio\programs\gameofimitation\gameofimitation\mapping.h(209): warning C4244: аргумент: преобразование "double" в "float", возможна потеря данных
f:\visual studio\programs\gameofimitation\gameofimitation\mapping.h(215): warning C4267: инициализация: преобразование из "size_t" в "int"; возможна потеря данных
f:\visual studio\programs\gameofimitation\gameofimitation\mapping.h(217): warning C4244: аргумент: преобразование "double" в "T", возможна потеря данных
          with
          [
              T=float
          ]
f:\visual studio\programs\gameofimitation\gameofimitation\mapping.h(221): warning C4244: аргумент: преобразование "double" в "T", возможна потеря данных
          with
          [
              T=float
          ]
f:\visual studio\programs\gameofimitation\gameofimitation\mapping.h(224): warning C4244: аргумент: преобразование "double" в "T", возможна потеря данных
          with
          [
              T=float
          ]
f:\visual studio\programs\gameofimitation\gameofimitation\mapping.h(228): warning C4244: аргумент: преобразование "_Ty" в "T", возможна потеря данных
          with
          [
              _Ty=double
          ]
          and
          [
              T=float
          ]
f:\visual studio\programs\gameofimitation\gameofimitation\mapping.h(229): warning C4244: аргумент: преобразование "double" в "T", возможна потеря данных
          with
          [
              T=float
          ]
f:\visual studio\programs\gameofimitation\gameofimitation\mapping.h(237): warning C4244: аргумент: преобразование "double" в "T", возможна потеря данных
          with
          [
              T=float
          ]
f:\visual studio\programs\gameofimitation\gameofimitation\mapping.h(248): warning C4244: аргумент: преобразование "double" в "T", возможна потеря данных
          with
          [
              T=float
          ]
f:\visual studio\programs\gameofimitation\gameofimitation\mapping.h(250): warning C4244: аргумент: преобразование "double" в "T", возможна потеря данных
          with
          [
              T=float
          ]
f:\visual studio\programs\gameofimitation\gameofimitation\mapping.h(257): warning C4244: аргумент: преобразование "_Ty" в "T", возможна потеря данных
          with
          [
              _Ty=double
          ]
          and
          [
              T=float
          ]
f:\visual studio\programs\gameofimitation\gameofimitation\mapping.h(258): warning C4244: аргумент: преобразование "double" в "T", возможна потеря данных
          with
          [
              T=float
          ]
f:\visual studio\programs\gameofimitation\gameofimitation\mapping.h(275): warning C4244: аргумент: преобразование "double" в "T", возможна потеря данных
          with
          [
              T=float
          ]
f:\visual studio\programs\gameofimitation\gameofimitation\mapping.h(279): warning C4244: аргумент: преобразование "double" в "T", возможна потеря данных
          with
          [
              T=float
          ]
  GameOfImitation.vcxproj -> F:\Visual studio\Programs\GameOfImitation\x64\Debug\GameOfImitation.exe
